<?xml version="1.0" encoding="UTF-8"?>
<!-- Generated by org.testng.reporters.JUnitReportReporter -->
<testsuite hostname="Rahul4785-01" failures="0" tests="2" name="Get200" time="57.904" errors="0" timestamp="2020-04-23T13:25:34 IST" skipped="0">
  <testcase classname="Get200" name="rateLimit" time="49.500"/>
  <system-out/>
  <testcase classname="Get200" name="baseUrlReturns200" time="8.404"/>
  <system-out/>
</testsuite> <!-- Get200 -->
